<?xml version="1.0" encoding="UTF-8"?>
<testsuite name="hello.core.xml.XmlAppContext" tests="1" skipped="0" failures="0" errors="0" timestamp="2021-01-29T04:58:20" hostname="DESKTOP-5PT82F9" time="0.655">
  <properties/>
  <testcase name="xmlAppContext()" classname="hello.core.xml.XmlAppContext" time="0.655"/>
  <system-out><![CDATA[13:58:20.911 [Test worker] DEBUG org.springframework.beans.factory.xml.XmlBeanDefinitionReader - Loaded 4 bean definitions from class path resource [appConfig.xml]
13:58:20.919 [Test worker] DEBUG org.springframework.context.support.GenericXmlApplicationContext - Refreshing org.springframework.context.support.GenericXmlApplicationContext@788489bf
13:58:20.970 [Test worker] DEBUG org.springframework.beans.factory.support.DefaultListableBeanFactory - Creating shared instance of singleton bean 'memberService'
13:58:20.994 [Test worker] DEBUG org.springframework.beans.factory.support.DefaultListableBeanFactory - Creating shared instance of singleton bean 'memberRepository'
13:58:21.008 [Test worker] DEBUG org.springframework.beans.factory.support.DefaultListableBeanFactory - Creating shared instance of singleton bean 'orderService'
13:58:21.009 [Test worker] DEBUG org.springframework.beans.factory.support.DefaultListableBeanFactory - Creating shared instance of singleton bean 'discountPolicy'
]]></system-out>
  <system-err><![CDATA[]]></system-err>
</testsuite>
