<?xml version="1.0" encoding="UTF-8"?>
<testsuite name="beanfind.ApplicationContextBasicFindTest" tests="1" skipped="0" failures="0" errors="0" timestamp="2021-01-27T06:31:34" hostname="DESKTOP-5PT82F9" time="0.046">
  <properties/>
  <testcase name="빈 이름으로 조회x" classname="beanfind.ApplicationContextBasicFindTest" time="0.046"/>
  <system-out><![CDATA[15:31:33.740 [Test worker] DEBUG org.springframework.context.annotation.AnnotationConfigApplicationContext - Refreshing org.springframework.context.annotation.AnnotationConfigApplicationContext@1c4559d0
15:31:33.781 [Test worker] DEBUG org.springframework.beans.factory.support.DefaultListableBeanFactory - Creating shared instance of singleton bean 'org.springframework.context.annotation.internalConfigurationAnnotationProcessor'
15:31:34.031 [Test worker] DEBUG org.springframework.beans.factory.support.DefaultListableBeanFactory - Creating shared instance of singleton bean 'org.springframework.context.event.internalEventListenerProcessor'
15:31:34.037 [Test worker] DEBUG org.springframework.beans.factory.support.DefaultListableBeanFactory - Creating shared instance of singleton bean 'org.springframework.context.event.internalEventListenerFactory'
15:31:34.040 [Test worker] DEBUG org.springframework.beans.factory.support.DefaultListableBeanFactory - Creating shared instance of singleton bean 'org.springframework.context.annotation.internalAutowiredAnnotationProcessor'
15:31:34.044 [Test worker] DEBUG org.springframework.beans.factory.support.DefaultListableBeanFactory - Creating shared instance of singleton bean 'org.springframework.context.annotation.internalCommonAnnotationProcessor'
15:31:34.066 [Test worker] DEBUG org.springframework.beans.factory.support.DefaultListableBeanFactory - Creating shared instance of singleton bean 'appConfig'
15:31:34.074 [Test worker] DEBUG org.springframework.beans.factory.support.DefaultListableBeanFactory - Creating shared instance of singleton bean 'memberService'
15:31:34.105 [Test worker] DEBUG org.springframework.beans.factory.support.DefaultListableBeanFactory - Creating shared instance of singleton bean 'memberRepository'
15:31:34.111 [Test worker] DEBUG org.springframework.beans.factory.support.DefaultListableBeanFactory - Creating shared instance of singleton bean 'orderService'
15:31:34.114 [Test worker] DEBUG org.springframework.beans.factory.support.DefaultListableBeanFactory - Creating shared instance of singleton bean 'discountPolicy'
]]></system-out>
  <system-err><![CDATA[]]></system-err>
</testsuite>
